app/build/outputs/logs/manifest-merger-debug-report.txt
-- Merging decision tree log ---
manifest
ADDED from src\main\AndroidManifest.xml:2:1-96:12
	package
		ADDED from src\main\AndroidManifest.xml:3:5-41
		INJECTED from src\main\AndroidManifest.xml
		INJECTED from src\main\AndroidManifest.xml
	android:versionName
		INJECTED from src\main\AndroidManifest.xml
		INJECTED from src\main\AndroidManifest.xml
	xmlns:android
		ADDED from src\main\AndroidManifest.xml:2:11-69
	android:versionCode
		INJECTED from src\main\AndroidManifest.xml
		INJECTED from src\main\AndroidManifest.xml
uses-permission#android.permission.INTERNET
ADDED from src\main\AndroidManifest.xml:5:5-67
MERGED from [com.daimajia.slider:library:1.1.5] AndroidManifest.xml:11:5-67
MERGED from [com.google.android.gms:play-services-ads-lite:11.0.1] AndroidManifest.xml:19:5-66
MERGED from [com.google.android.gms:play-services-analytics:11.0.1] AndroidManifest.xml:20:5-66
MERGED from [com.google.android.gms:play-services-appinvite:11.0.1] AndroidManifest.xml:18:5-66
MERGED from [com.google.firebase:firebase-crash:11.0.1] AndroidManifest.xml:18:5-66
MERGED from [com.google.android.gms:play-services-gcm:11.0.1] AndroidManifest.xml:21:5-66
MERGED from [com.google.android.gms:play-services-iid:11.0.1] AndroidManifest.xml:21:5-66
MERGED from [com.google.android.gms:play-services-tagmanager-api:11.0.1] AndroidManifest.xml:20:5-66
MERGED from [com.google.android.gms:play-services-analytics-impl:11.0.1] AndroidManifest.xml:20:5-66
MERGED from [com.google.android.gms:play-services-maps:11.0.1] AndroidManifest.xml:20:5-66
MERGED from [com.google.firebase:firebase-analytics:11.0.1] AndroidManifest.xml:20:5-66
MERGED from [com.google.firebase:firebase-analytics-impl:11.0.1] AndroidManifest.xml:20:5-66
MERGED from [com.google.firebase:firebase-iid:11.0.1] AndroidManifest.xml:20:5-66
	android:name
		ADDED from src\main\AndroidManifest.xml:5:22-64
uses-permission#android.permission.GET_ACCOUNTS
ADDED from src\main\AndroidManifest.xml:8:5-71
	android:name
		ADDED from src\main\AndroidManifest.xml:8:22-68
uses-permission#android.permission.READ_PROFILE
ADDED from src\main\AndroidManifest.xml:9:5-71
	android:name
		ADDED from src\main\AndroidManifest.xml:9:22-68
uses-permission#android.permission.READ_CONTACTS
ADDED from src\main\AndroidManifest.xml:10:5-72
	android:name
		ADDED from src\main\AndroidManifest.xml:10:22-69
uses-permission#android.permission.WAKE_LOCK
ADDED from src\main\AndroidManifest.xml:11:5-68
MERGED from [com.google.android.gms:play-services-analytics:11.0.1] AndroidManifest.xml:24:5-67
MERGED from [com.google.android.gms:play-services-analytics-impl:11.0.1] AndroidManifest.xml:24:5-67
MERGED from [com.google.firebase:firebase-analytics:11.0.1] AndroidManifest.xml:22:5-67
MERGED from [com.google.firebase:firebase-analytics-impl:11.0.1] AndroidManifest.xml:22:5-67
MERGED from [com.google.firebase:firebase-iid:11.0.1] AndroidManifest.xml:21:5-67
	android:name
		ADDED from src\main\AndroidManifest.xml:11:22-65
uses-permission#android.permission.ACCESS_NETWORK_STATE
ADDED from src\main\AndroidManifest.xml:12:5-79
MERGED from [com.google.android.gms:play-services-ads-lite:11.0.1] AndroidManifest.xml:20:5-78
MERGED from [com.google.android.gms:play-services-analytics:11.0.1] AndroidManifest.xml:21:5-78
MERGED from [com.google.android.gms:play-services-nearby:11.0.1] AndroidManifest.xml:4:5-78
MERGED from [com.google.android.gms:play-services-tagmanager-api:11.0.1] AndroidManifest.xml:21:5-78
MERGED from [com.google.android.gms:play-services-analytics-impl:11.0.1] AndroidManifest.xml:21:5-78
MERGED from [com.google.android.gms:play-services-maps:11.0.1] AndroidManifest.xml:19:5-78
MERGED from [com.google.firebase:firebase-analytics:11.0.1] AndroidManifest.xml:21:5-78
MERGED from [com.google.firebase:firebase-analytics-impl:11.0.1] AndroidManifest.xml:21:5-78
MERGED from [com.google.firebase:firebase-iid:11.0.1] AndroidManifest.xml:19:5-78
	android:name
		ADDED from src\main\AndroidManifest.xml:12:22-76
uses-permission#android.permission.ACCESS_FINE_LOCATION
ADDED from src\main\AndroidManifest.xml:13:5-79
	android:name
		ADDED from src\main\AndroidManifest.xml:13:22-76
application
ADDED from src\main\AndroidManifest.xml:15:5-94:19
MERGED from [com.karumi:dexter:4.1.0] AndroidManifest.xml:26:5-31:19
MERGED from [com.github.apl-devs:appintro:v4.2.0] AndroidManifest.xml:11:5-47
MERGED from [com.android.support.constraint:constraint-layout:1.0.2] AndroidManifest.xml:9:5-20
MERGED from [com.android.volley:volley:1.0.0] AndroidManifest.xml:9:5-20
MERGED from [com.jakewharton.timber:timber:4.1.2] AndroidManifest.xml:8:5-20
MERGED from [com.google.android.gms:play-services:11.0.1] AndroidManifest.xml:5:5-20
MERGED from [com.google.android.gms:play-services-ads-lite:11.0.1] AndroidManifest.xml:23:5-26:19
MERGED from [com.google.android.gms:play-services-analytics:11.0.1] AndroidManifest.xml:26:5-19
MERGED from [com.google.android.gms:play-services-appinvite:11.0.1] AndroidManifest.xml:19:5-26:19
MERGED from [com.google.android.gms:play-services-auth:11.0.1] AndroidManifest.xml:19:5-25:19
MERGED from [com.google.android.gms:play-services-cast-framework:11.0.1] AndroidManifest.xml:4:5-8:19
MERGED from [com.google.android.gms:play-services-cast:11.0.1] AndroidManifest.xml:18:5-19
MERGED from [com.android.support:mediarouter-v7:25.2.0] AndroidManifest.xml:22:5-20
MERGED from [com.android.support:palette-v7:25.2.0] AndroidManifest.xml:22:5-23:19
MERGED from [com.google.android.gms:play-services-clearcut:11.0.1] AndroidManifest.xml:18:5-19
MERGED from [com.google.firebase:firebase-config:11.0.1] AndroidManifest.xml:18:5-19
MERGED from [com.google.android.gms:play-services-awareness:11.0.1] AndroidManifest.xml:18:5-19
MERGED from [com.google.firebase:firebase-crash:11.0.1] AndroidManifest.xml:22:5-23:19
MERGED from [com.google.firebase:firebase-dynamic-links:11.0.1] AndroidManifest.xml:5:3-17
MERGED from [com.google.firebase:firebase-messaging:11.0.1] AndroidManifest.xml:19:5-29:19
MERGED from [com.google.android.gms:play-services-fitness:11.0.1] AndroidManifest.xml:18:5-19
MERGED from [com.google.android.gms:play-services-games:11.0.1] AndroidManifest.xml:18:5-19
MERGED from [com.google.android.gms:play-services-drive:11.0.1] AndroidManifest.xml:18:5-19
MERGED from [com.google.android.gms:play-services-gass:11.0.1] AndroidManifest.xml:4:5-19
MERGED from [com.google.android.gms:play-services-gcm:11.0.1] AndroidManifest.xml:23:5-19
MERGED from [com.google.firebase:firebase-appindexing:11.0.1] AndroidManifest.xml:18:5-19
MERGED from [com.google.android.gms:play-services-iid:11.0.1] AndroidManifest.xml:23:5-19
MERGED from [com.google.android.gms:play-services-location:11.0.1] AndroidManifest.xml:4:5-19
MERGED from [com.google.android.gms:play-services-nearby:11.0.1] AndroidManifest.xml:5:5-19
MERGED from [com.google.android.gms:play-services-panorama:11.0.1] AndroidManifest.xml:18:5-19
MERGED from [com.google.android.gms:play-services-places:11.0.1] AndroidManifest.xml:18:5-19
MERGED from [com.google.android.gms:play-services-plus:11.0.1] AndroidManifest.xml:18:5-19
MERGED from [com.google.android.gms:play-services-safetynet:11.0.1] AndroidManifest.xml:18:5-19
MERGED from [com.google.android.gms:play-services-tagmanager-api:11.0.1] AndroidManifest.xml:23:5-33:19
MERGED from [com.google.android.gms:play-services-tagmanager-v4-impl:11.0.1] AndroidManifest.xml:19:5-19
MERGED from [com.google.android.gms:play-services-analytics-impl:11.0.1] AndroidManifest.xml:26:5-19
MERGED from [com.google.android.gms:play-services-vision:11.0.1] AndroidManifest.xml:4:5-19
MERGED from [com.google.android.gms:play-services-vision-common:11.0.1] AndroidManifest.xml:4:5-19
MERGED from [com.google.android.gms:play-services-identity:11.0.1] AndroidManifest.xml:18:5-19
MERGED from [com.google.android.gms:play-services-maps:11.0.1] AndroidManifest.xml:24:5-19
MERGED from [com.google.android.gms:play-services-wearable:11.0.1] AndroidManifest.xml:18:5-19
MERGED from [com.facebook.android:facebook-android-sdk:4.9.0] AndroidManifest.xml:28:5-20
MERGED from [com.android.support:cardview-v7:25.3.1] AndroidManifest.xml:26:5-20
MERGED from [com.google.firebase:firebase-auth:11.0.1] AndroidManifest.xml:19:5-20:19
MERGED from [com.google.android.gms:play-services-base:11.0.1] AndroidManifest.xml:18:5-20:19
MERGED from [com.github.medyo:fancybuttons:1.8.3] AndroidManifest.xml:11:5-20
MERGED from [com.aurelhubert:ahbottomnavigation:2.0.6] AndroidManifest.xml:11:5-20
MERGED from [com.android.support:design:25.3.1] AndroidManifest.xml:29:5-20
MERGED from [com.android.support:transition:25.3.1] AndroidManifest.xml:26:5-20
MERGED from [io.github.luizgrp.sectionedrecyclerviewadapter:sectionedrecyclerviewadapter:1.1.2] AndroidManifest.xml:11:5-12:19
MERGED from [com.android.support:appcompat-v7:25.3.1] AndroidManifest.xml:29:5-20
MERGED from [com.android.support:animated-vector-drawable:25.3.1] AndroidManifest.xml:26:5-20
MERGED from [com.android.support:support-vector-drawable:25.3.1] AndroidManifest.xml:26:5-20
MERGED from [com.gordonwong:material-sheet-fab:1.2.1] AndroidManifest.xml:10:5-20
MERGED from [com.github.asyl.animation:arcanimator:1.0.0] AndroidManifest.xml:11:5-12:19
MERGED from [com.google.firebase:firebase-core:11.0.1] AndroidManifest.xml:5:5-20
MERGED from [com.google.firebase:firebase-analytics:11.0.1] AndroidManifest.xml:24:5-34:19
MERGED from [com.google.firebase:firebase-analytics-impl:11.0.1] AndroidManifest.xml:24:5-28:19
MERGED from [com.google.firebase:firebase-iid:11.0.1] AndroidManifest.xml:28:5-49:19
MERGED from [com.google.firebase:firebase-common:11.0.1] AndroidManifest.xml:4:5-7:19
MERGED from [com.google.android.gms:play-services-tasks:11.0.1] AndroidManifest.xml:4:5-19
MERGED from [com.google.android.gms:play-services-basement:11.0.1] AndroidManifest.xml:19:5-21:19
MERGED from [com.android.support:support-v4:25.3.1] AndroidManifest.xml:29:5-20
MERGED from [com.android.support:support-fragment:25.3.1] AndroidManifest.xml:29:5-20
MERGED from [com.android.support:support-media-compat:25.3.1] AndroidManifest.xml:29:5-20
MERGED from [com.android.support:support-core-ui:25.3.1] AndroidManifest.xml:29:5-20
MERGED from [com.android.support:support-core-utils:25.3.1] AndroidManifest.xml:29:5-20
MERGED from [com.android.support:support-compat:25.3.1] AndroidManifest.xml:29:5-20
	android:label
		ADDED from src\main\AndroidManifest.xml:19:9-41
	android:supportsRtl
		ADDED from src\main\AndroidManifest.xml:20:9-35
	android:allowBackup
		ADDED from src\main\AndroidManifest.xml:17:9-35
	android:icon
		ADDED from src\main\AndroidManifest.xml:18:9-42
	android:theme
		ADDED from src\main\AndroidManifest.xml:21:9-40
	android:name
		ADDED from src\main\AndroidManifest.xml:16:9-38
activity#com.optimustechproject2017.MainActivity
ADDED from src\main\AndroidManifest.xml:22:9-25:59
	android:label
		ADDED from src\main\AndroidManifest.xml:24:13-45
	android:theme
		ADDED from src\main\AndroidManifest.xml:25:13-56
	android:name
		ADDED from src\main\AndroidManifest.xml:23:13-41
activity#com.optimustechproject2017.CartActivity
ADDED from src\main\AndroidManifest.xml:28:9-31:47
	android:label
		ADDED from src\main\AndroidManifest.xml:30:13-34
	android:theme
		ADDED from src\main\AndroidManifest.xml:31:13-44
	android:name
		ADDED from src\main\AndroidManifest.xml:29:13-41
activity#com.optimustechproject2017.SplashActivity
ADDED from src\main\AndroidManifest.xml:32:9-48:20
	android:screenOrientation
		ADDED from src\main\AndroidManifest.xml:36:13-49
	android:theme
		ADDED from src\main\AndroidManifest.xml:37:13-69
	android:name
		ADDED from src\main\AndroidManifest.xml:35:13-43
intent-filter#android.intent.action.MAIN+android.intent.category.LAUNCHER
ADDED from src\main\AndroidManifest.xml:38:13-42:29
action#android.intent.action.MAIN
ADDED from src\main\AndroidManifest.xml:39:17-69
	android:name
		ADDED from src\main\AndroidManifest.xml:39:25-66
category#android.intent.category.LAUNCHER
ADDED from src\main\AndroidManifest.xml:41:17-77
	android:name
		ADDED from src\main\AndroidManifest.xml:41:27-74
intent-filter#android.intent.action.VIEW+android.intent.category.DEFAULT
ADDED from src\main\AndroidManifest.xml:43:13-47:29
action#android.intent.action.VIEW
ADDED from src\main\AndroidManifest.xml:44:17-69
	android:name
		ADDED from src\main\AndroidManifest.xml:44:25-66
category#android.intent.category.DEFAULT
ADDED from src\main\AndroidManifest.xml:46:17-76
	android:name
		ADDED from src\main\AndroidManifest.xml:46:27-73
activity#com.optimustechproject2017.auth.LoginActivity
ADDED from src\main\AndroidManifest.xml:49:9-51:72
	android:theme
		ADDED from src\main\AndroidManifest.xml:51:13-69
	android:name
		ADDED from src\main\AndroidManifest.xml:50:13-47
activity#com.optimustechproject2017.App_Intro
ADDED from src\main\AndroidManifest.xml:52:9-54:72
	android:theme
		ADDED from src\main\AndroidManifest.xml:54:13-69
	android:name
		ADDED from src\main\AndroidManifest.xml:53:13-38
activity#com.optimustechproject2017.auth.MainActivity
ADDED from src\main\AndroidManifest.xml:55:9-57:72
	android:theme
		ADDED from src\main\AndroidManifest.xml:57:13-69
	android:name
		ADDED from src\main\AndroidManifest.xml:56:13-46
meta-data#com.facebook.sdk.ApplicationId
ADDED from src\main\AndroidManifest.xml:59:9-61:55
	android:value
		ADDED from src\main\AndroidManifest.xml:61:13-52
	android:name
		ADDED from src\main\AndroidManifest.xml:60:13-58
activity#com.facebook.FacebookActivity
ADDED from src\main\AndroidManifest.xml:63:9-67:75
	android:label
		ADDED from src\main\AndroidManifest.xml:66:13-45
	android:configChanges
		ADDED from src\main\AndroidManifest.xml:65:13-96
	android:theme
		ADDED from src\main\AndroidManifest.xml:67:13-72
	android:name
		ADDED from src\main\AndroidManifest.xml:64:13-57
meta-data#com.google.android.geo.API_KEY
ADDED from src\main\AndroidManifest.xml:69:9-71:71
	android:value
		ADDED from src\main\AndroidManifest.xml:71:13-68
	android:name
		ADDED from src\main\AndroidManifest.xml:70:13-58
meta-data#com.google.android.maps.v2.API_KEY
ADDED from src\main\AndroidManifest.xml:72:9-74:71
	android:value
		ADDED from src\main\AndroidManifest.xml:74:13-68
	android:name
		ADDED from src\main\AndroidManifest.xml:73:13-62
activity#com.optimustechproject2017.RestarentActivity
ADDED from src\main\AndroidManifest.xml:76:9-78:59
	android:theme
		ADDED from src\main\AndroidManifest.xml:78:13-56
	android:name
		ADDED from src\main\AndroidManifest.xml:77:13-46
uses-sdk
INJECTED from src\main\AndroidManifest.xml reason: use-sdk injection requested
MERGED from [com.mikepenz:materialdrawer:5.9.1] AndroidManifest.xml:8:5-10:41
MERGED from [com.mikepenz:materialize:1.0.1] AndroidManifest.xml:8:5-10:41
MERGED from [com.mikepenz:iconics-core:2.8.4] AndroidManifest.xml:8:5-10:41
MERGED from [com.mikepenz:fastadapter:2.5.2] AndroidManifest.xml:8:5-10:41
MERGED from [com.karumi:dexter:4.1.0] AndroidManifest.xml:22:5-24:41
MERGED from [com.daimajia.slider:library:1.1.5] AndroidManifest.xml:7:5-9:41
MERGED from [com.github.apl-devs:appintro:v4.2.0] AndroidManifest.xml:7:5-9:41
MERGED from [com.android.support.constraint:constraint-layout:1.0.2] AndroidManifest.xml:5:5-7:41
MERGED from [com.android.volley:volley:1.0.0] AndroidManifest.xml:7:5-43
MERGED from [com.jakewharton.timber:timber:4.1.2] AndroidManifest.xml:6:5-44
MERGED from [com.google.android.gms:play-services:11.0.1] AndroidManifest.xml:4:5-43
MERGED from [com.google.android.gms:play-services-ads:11.0.1] AndroidManifest.xml:17:5-43
MERGED from [com.google.android.gms:play-services-ads-lite:11.0.1] AndroidManifest.xml:22:5-43
MERGED from [com.google.android.gms:play-services-analytics:11.0.1] AndroidManifest.xml:17:5-43
MERGED from [com.google.android.gms:play-services-appinvite:11.0.1] AndroidManifest.xml:17:5-43
MERGED from [com.google.android.gms:play-services-auth-api-phone:11.0.1] AndroidManifest.xml:3:3-41
MERGED from [com.google.android.gms:play-services-auth:11.0.1] AndroidManifest.xml:17:5-43
MERGED from [com.google.android.gms:play-services-auth-base:11.0.1] AndroidManifest.xml:4:5-43
MERGED from [com.google.android.gms:play-services-cast-framework:11.0.1] AndroidManifest.xml:3:5-43
MERGED from [com.google.android.gms:play-services-cast:11.0.1] AndroidManifest.xml:17:5-43
MERGED from [com.android.support:mediarouter-v7:25.2.0] AndroidManifest.xml:20:5-43
MERGED from [com.android.support:palette-v7:25.2.0] AndroidManifest.xml:20:5-43
MERGED from [com.google.android.gms:play-services-clearcut:11.0.1] AndroidManifest.xml:17:5-43
MERGED from [com.google.firebase:firebase-config:11.0.1] AndroidManifest.xml:17:5-43
MERGED from [com.google.android.gms:play-services-awareness:11.0.1] AndroidManifest.xml:17:5-43
MERGED from [com.google.firebase:firebase-crash:11.0.1] AndroidManifest.xml:20:5-43
MERGED from [com.google.firebase:firebase-database:11.0.1] AndroidManifest.xml:3:5-43
MERGED from [com.google.firebase:firebase-database-connection:11.0.1] AndroidManifest.xml:3:5-43
MERGED from [com.google.firebase:firebase-dynamic-links:11.0.1] AndroidManifest.xml:3:3-41
MERGED from [com.google.firebase:firebase-messaging:11.0.1] AndroidManifest.xml:17:5-43
MERGED from [com.google.firebase:firebase-storage:11.0.1] AndroidManifest.xml:3:5-43
MERGED from [com.google.firebase:firebase-storage-common:11.0.1] AndroidManifest.xml:3:5-43
MERGED from [com.google.android.gms:play-services-fitness:11.0.1] AndroidManifest.xml:17:5-43
MERGED from [com.google.android.gms:play-services-games:11.0.1] AndroidManifest.xml:17:5-43
MERGED from [com.google.android.gms:play-services-drive:11.0.1] AndroidManifest.xml:17:5-43
MERGED from [com.google.android.gms:play-services-gass:11.0.1] AndroidManifest.xml:3:5-43
MERGED from [com.google.android.gms:play-services-gcm:11.0.1] AndroidManifest.xml:17:5-43
MERGED from [com.google.firebase:firebase-appindexing:11.0.1] AndroidManifest.xml:17:5-43
MERGED from [com.google.android.gms:play-services-iid:11.0.1] AndroidManifest.xml:17:5-43
MERGED from [com.google.android.gms:play-services-instantapps:11.0.1] AndroidManifest.xml:3:5-43
MERGED from [com.google.android.gms:play-services-location:11.0.1] AndroidManifest.xml:3:5-43
MERGED from [com.google.android.gms:play-services-nearby:11.0.1] AndroidManifest.xml:3:5-43
MERGED from [com.google.android.gms:play-services-panorama:11.0.1] AndroidManifest.xml:17:5-43
MERGED from [com.google.android.gms:play-services-places:11.0.1] AndroidManifest.xml:17:5-43
MERGED from [com.google.android.gms:play-services-plus:11.0.1] AndroidManifest.xml:17:5-43
MERGED from [com.google.android.gms:play-services-safetynet:11.0.1] AndroidManifest.xml:17:5-43
MERGED from [com.google.android.gms:play-services-tagmanager:11.0.1] AndroidManifest.xml:17:5-43
MERGED from [com.google.android.gms:play-services-tagmanager-api:11.0.1] AndroidManifest.xml:17:5-43
MERGED from [com.google.android.gms:play-services-tagmanager-v4-impl:11.0.1] AndroidManifest.xml:17:5-43
MERGED from [com.google.android.gms:play-services-analytics-impl:11.0.1] AndroidManifest.xml:17:5-43
MERGED from [com.google.android.gms:play-services-vision:11.0.1] AndroidManifest.xml:3:5-43
MERGED from [com.google.android.gms:play-services-vision-common:11.0.1] AndroidManifest.xml:3:5-43
MERGED from [com.google.android.gms:play-services-wallet:11.0.1] AndroidManifest.xml:18:5-43
MERGED from [com.google.android.gms:play-services-identity:11.0.1] AndroidManifest.xml:17:5-43
MERGED from [com.google.android.gms:play-services-maps:11.0.1] AndroidManifest.xml:23:5-43
MERGED from [com.google.android.gms:play-services-wearable:11.0.1] AndroidManifest.xml:17:5-43
MERGED from [com.facebook.android:facebook-android-sdk:4.9.0] AndroidManifest.xml:24:5-26:41
MERGED from [com.android.support:multidex:1.0.1] AndroidManifest.xml:18:5-42
MERGED from [com.android.support:cardview-v7:25.3.1] AndroidManifest.xml:20:5-43
MERGED from [com.google.firebase:firebase-auth:11.0.1] AndroidManifest.xml:17:5-43
MERGED from [com.google.android.gms:play-services-base:11.0.1] AndroidManifest.xml:17:5-43
MERGED from [com.github.medyo:fancybuttons:1.8.3] AndroidManifest.xml:7:5-9:41
MERGED from [com.aurelhubert:ahbottomnavigation:2.0.6] AndroidManifest.xml:7:5-9:41
MERGED from [com.android.support:design:25.3.1] AndroidManifest.xml:21:5-23:62
MERGED from [com.android.support:transition:25.3.1] AndroidManifest.xml:20:5-44
MERGED from [com.github.ivbaranov:materialfavoritebutton:0.1.4] AndroidManifest.xml:7:5-9:41
MERGED from [jp.wasabeef:recyclerview-animators:2.2.5] AndroidManifest.xml:8:5-10:41
MERGED from [io.github.luizgrp.sectionedrecyclerviewadapter:sectionedrecyclerviewadapter:1.1.2] AndroidManifest.xml:7:5-9:41
MERGED from [com.android.support:appcompat-v7:25.3.1] AndroidManifest.xml:21:5-23:78
MERGED from [com.android.support:animated-vector-drawable:25.3.1] AndroidManifest.xml:20:5-44
MERGED from [com.android.support:support-vector-drawable:25.3.1] AndroidManifest.xml:20:5-43
MERGED from [com.gordonwong:material-sheet-fab:1.2.1] AndroidManifest.xml:6:5-8:41
MERGED from [com.github.asyl.animation:arcanimator:1.0.0] AndroidManifest.xml:7:5-9:41
MERGED from [com.nshmura:snappysmoothscroller:1.0.0] AndroidManifest.xml:6:5-8:41
MERGED from [com.android.support:recyclerview-v7:25.3.1] AndroidManifest.xml:20:5-43
MERGED from [com.google.firebase:firebase-core:11.0.1] AndroidManifest.xml:4:5-43
MERGED from [com.google.firebase:firebase-analytics:11.0.1] AndroidManifest.xml:17:5-43
MERGED from [com.google.firebase:firebase-analytics-impl:11.0.1] AndroidManifest.xml:17:5-43
MERGED from [com.google.firebase:firebase-iid:11.0.1] AndroidManifest.xml:17:5-43
MERGED from [com.google.firebase:firebase-common:11.0.1] AndroidManifest.xml:3:5-43
MERGED from [com.google.android.gms:play-services-tasks:11.0.1] AndroidManifest.xml:3:5-43
MERGED from [com.google.android.gms:play-services-basement:11.0.1] AndroidManifest.xml:17:5-43
MERGED from [com.android.support:support-v4:25.3.1] AndroidManifest.xml:21:5-23:54
MERGED from [com.android.support:support-fragment:25.3.1] AndroidManifest.xml:21:5-23:60
MERGED from [com.android.support:support-media-compat:25.3.1] AndroidManifest.xml:21:5-23:63
MERGED from [com.android.support:support-core-ui:25.3.1] AndroidManifest.xml:21:5-23:58
MERGED from [com.android.support:support-core-utils:25.3.1] AndroidManifest.xml:21:5-23:61
MERGED from [com.android.support:support-compat:25.3.1] AndroidManifest.xml:21:5-23:58
	tools:overrideLibrary
		ADDED from [com.android.support:design:25.3.1] AndroidManifest.xml:23:9-59
	android:targetSdkVersion
		INJECTED from src\main\AndroidManifest.xml
		INJECTED from src\main\AndroidManifest.xml
	android:minSdkVersion
		INJECTED from src\main\AndroidManifest.xml
		INJECTED from src\main\AndroidManifest.xml
activity#com.karumi.dexter.DexterActivity
ADDED from [com.karumi:dexter:4.1.0] AndroidManifest.xml:27:9-30:56
	android:launchMode
		ADDED from [com.karumi:dexter:4.1.0] AndroidManifest.xml:29:13-48
	android:theme
		ADDED from [com.karumi:dexter:4.1.0] AndroidManifest.xml:30:13-53
	android:name
		ADDED from [com.karumi:dexter:4.1.0] AndroidManifest.xml:28:13-60
uses-permission#android.permission.WRITE_EXTERNAL_STORAGE
ADDED from [com.daimajia.slider:library:1.1.5] AndroidManifest.xml:12:5-81
	android:name
		ADDED from [com.daimajia.slider:library:1.1.5] AndroidManifest.xml:12:22-78
uses-permission#android.permission.READ_EXTERNAL_STORAGE
IMPLIED from src\main\AndroidManifest.xml:2:1-96:12 reason: com.daimajia.slider.library requested WRITE_EXTERNAL_STORAGE
activity#com.google.android.gms.ads.AdActivity
ADDED from [com.google.android.gms:play-services-ads-lite:11.0.1] AndroidManifest.xml:25:9-232
	android:configChanges
		ADDED from [com.google.android.gms:play-services-ads-lite:11.0.1] AndroidManifest.xml:25:72-181
	android:theme
		ADDED from [com.google.android.gms:play-services-ads-lite:11.0.1] AndroidManifest.xml:25:182-230
	android:name
		ADDED from [com.google.android.gms:play-services-ads-lite:11.0.1] AndroidManifest.xml:25:19-71
activity#com.google.android.gms.appinvite.PreviewActivity
ADDED from [com.google.android.gms:play-services-appinvite:11.0.1] AndroidManifest.xml:20:9-25:20
	android:exported
		ADDED from [com.google.android.gms:play-services-appinvite:11.0.1] AndroidManifest.xml:20:51-74
	android:theme
		ADDED from [com.google.android.gms:play-services-appinvite:11.0.1] AndroidManifest.xml:20:75-121
	android:name
		ADDED from [com.google.android.gms:play-services-appinvite:11.0.1] AndroidManifest.xml:20:19-50
intent-filter#android.intent.category.DEFAULT+com.google.android.gms.appinvite.ACTION_PREVIEW
ADDED from [com.google.android.gms:play-services-appinvite:11.0.1] AndroidManifest.xml:21:13-24:29
action#com.google.android.gms.appinvite.ACTION_PREVIEW
ADDED from [com.google.android.gms:play-services-appinvite:11.0.1] AndroidManifest.xml:22:17-89
	android:name
		ADDED from [com.google.android.gms:play-services-appinvite:11.0.1] AndroidManifest.xml:22:25-87
activity#com.google.android.gms.auth.api.signin.internal.SignInHubActivity
ADDED from [com.google.android.gms:play-services-auth:11.0.1] AndroidManifest.xml:20:9-189
	android:excludeFromRecents
		ADDED from [com.google.android.gms:play-services-auth:11.0.1] AndroidManifest.xml:20:129-162
	android:exported
		ADDED from [com.google.android.gms:play-services-auth:11.0.1] AndroidManifest.xml:20:163-187
	android:theme
		ADDED from [com.google.android.gms:play-services-auth:11.0.1] AndroidManifest.xml:20:69-128
	android:name
		ADDED from [com.google.android.gms:play-services-auth:11.0.1] AndroidManifest.xml:20:19-68
service#com.google.android.gms.auth.api.signin.RevocationBoundService
ADDED from [com.google.android.gms:play-services-auth:11.0.1] AndroidManifest.xml:24:9-184
	android:exported
		ADDED from [com.google.android.gms:play-services-auth:11.0.1] AndroidManifest.xml:24:64-87
	android:permission
		ADDED from [com.google.android.gms:play-services-auth:11.0.1] AndroidManifest.xml:24:88-182
	android:name
		ADDED from [com.google.android.gms:play-services-auth:11.0.1] AndroidManifest.xml:24:18-63
receiver#com.google.android.gms.cast.framework.media.MediaIntentReceiver
ADDED from [com.google.android.gms:play-services-cast-framework:11.0.1] AndroidManifest.xml:5:9-99
	android:name
		ADDED from [com.google.android.gms:play-services-cast-framework:11.0.1] AndroidManifest.xml:5:19-97
service#com.google.android.gms.cast.framework.media.MediaNotificationService
ADDED from [com.google.android.gms:play-services-cast-framework:11.0.1] AndroidManifest.xml:6:9-103
	android:name
		ADDED from [com.google.android.gms:play-services-cast-framework:11.0.1] AndroidManifest.xml:6:18-101
service#com.google.android.gms.cast.framework.ReconnectionService
ADDED from [com.google.android.gms:play-services-cast-framework:11.0.1] AndroidManifest.xml:7:9-92
	android:name
		ADDED from [com.google.android.gms:play-services-cast-framework:11.0.1] AndroidManifest.xml:7:18-90
service#com.google.firebase.messaging.FirebaseMessagingService
ADDED from [com.google.firebase:firebase-messaging:11.0.1] AndroidManifest.xml:23:9-27:19
	android:exported
		ADDED from [com.google.firebase:firebase-messaging:11.0.1] AndroidManifest.xml:23:88-111
	android:name
		ADDED from [com.google.firebase:firebase-messaging:11.0.1] AndroidManifest.xml:23:18-87
intent-filter#com.google.firebase.MESSAGING_EVENT
ADDED from [com.google.firebase:firebase-messaging:11.0.1] AndroidManifest.xml:24:13-26:29
	android:priority
		ADDED from [com.google.firebase:firebase-messaging:11.0.1] AndroidManifest.xml:24:28-51
action#com.google.firebase.MESSAGING_EVENT
ADDED from [com.google.firebase:firebase-messaging:11.0.1] AndroidManifest.xml:25:17-77
	android:name
		ADDED from [com.google.firebase:firebase-messaging:11.0.1] AndroidManifest.xml:25:25-75
uses-permission#com.google.android.c2dm.permission.RECEIVE
ADDED from [com.google.android.gms:play-services-gcm:11.0.1] AndroidManifest.xml:20:5-81
MERGED from [com.google.android.gms:play-services-iid:11.0.1] AndroidManifest.xml:20:5-81
MERGED from [com.google.firebase:firebase-iid:11.0.1] AndroidManifest.xml:22:5-81
	android:name
		ADDED from [com.google.android.gms:play-services-gcm:11.0.1] AndroidManifest.xml:20:22-79
service#com.google.android.gms.tagmanager.TagManagerService
ADDED from [com.google.android.gms:play-services-tagmanager-api:11.0.1] AndroidManifest.xml:24:9-134
	android:enabled
		ADDED from [com.google.android.gms:play-services-tagmanager-api:11.0.1] AndroidManifest.xml:24:110-132
	android:exported
		ADDED from [com.google.android.gms:play-services-tagmanager-api:11.0.1] AndroidManifest.xml:24:85-109
	android:name
		ADDED from [com.google.android.gms:play-services-tagmanager-api:11.0.1] AndroidManifest.xml:24:18-84
activity#com.google.android.gms.tagmanager.TagManagerPreviewActivity
ADDED from [com.google.android.gms:play-services-tagmanager-api:11.0.1] AndroidManifest.xml:25:9-32:20
	android:exported
		ADDED from [com.google.android.gms:play-services-tagmanager-api:11.0.1] AndroidManifest.xml:25:94-117
	android:noHistory
		ADDED from [com.google.android.gms:play-services-tagmanager-api:11.0.1] AndroidManifest.xml:25:118-142
	android:name
		ADDED from [com.google.android.gms:play-services-tagmanager-api:11.0.1] AndroidManifest.xml:25:19-93
intent-filter#android.intent.action.VIEW+android.intent.category.BROWSABLE+android.intent.category.DEFAULT
ADDED from [com.google.android.gms:play-services-tagmanager-api:11.0.1] AndroidManifest.xml:26:13-31:29
data
ADDED from [com.google.android.gms:play-services-tagmanager-api:11.0.1] AndroidManifest.xml:27:17-71
	android:scheme
		ADDED from [com.google.android.gms:play-services-tagmanager-api:11.0.1] AndroidManifest.xml:27:23-69
category#android.intent.category.BROWSABLE
ADDED from [com.google.android.gms:play-services-tagmanager-api:11.0.1] AndroidManifest.xml:30:17-77
	android:name
		ADDED from [com.google.android.gms:play-services-tagmanager-api:11.0.1] AndroidManifest.xml:30:27-75
uses-feature#0x00020000